<?xml version="1.0" encoding="UTF-8"?>
<!-- Generated by org.testng.reporters.JUnitReportReporter -->
<testsuite hostname="LAPTOP-TJD64CLT" failures="0" tests="1" name="testNG.Frame" time="19.194" errors="0" timestamp="2020-06-23T19:13:04 CDT" skipped="0">
  <testcase classname="testNG.Frame" name="WindowHandler" time="19.194"/>
  <system-out/>
</testsuite> <!-- testNG.Frame -->
