<?xml version="1.0" encoding="UTF-8"?>
<!-- Generated by org.testng.reporters.JUnitReportReporter -->
<testsuite hostname="LAPTOP-TJD64CLT" failures="0" tests="2" name="BoA.LogoAndOpenAccount" time="28.348" errors="0" timestamp="2020-06-21T10:41:27 CDT" skipped="0">
  <testcase classname="BoA.LogoAndOpenAccount" name="openAnAccount" time="15.869"/>
  <system-out/>
  <testcase classname="BoA.LogoAndOpenAccount" name="logo" time="12.479"/>
  <system-out/>
</testsuite> <!-- BoA.LogoAndOpenAccount -->
