<?xml version="1.0" encoding="UTF-8"?>
<!-- Generated by org.testng.reporters.JUnitReportReporter -->
<testsuite hostname="LAPTOP-TJD64CLT" failures="0" tests="1" name="seleniumIntroduction.FirstClassMercuryToursTestNG" time="9.239" errors="0" timestamp="2020-05-23T20:25:50 CDT" skipped="0">
  <testcase classname="seleniumIntroduction.FirstClassMercuryToursTestNG" name="First" time="9.239"/>
  <system-out/>
</testsuite> <!-- seleniumIntroduction.FirstClassMercuryToursTestNG -->
