<?xml version="1.0" encoding="UTF-8"?>
<!-- Generated by org.testng.reporters.JUnitReportReporter -->
<testsuite hostname="LAPTOP-TJD64CLT" failures="0" tests="4" name="TestNG.TestNGDemo" time="17.012" errors="0" timestamp="2020-05-23T17:23:44 CDT" skipped="0">
  <testcase classname="TestNG.TestNGDemo" name="seleniumPractice" time="6.112"/>
  <system-out/>
  <testcase classname="TestNG.TestNGDemo" name="seleniumPractice" time="6.005"/>
  <system-out/>
  <testcase classname="TestNG.TestNGDemo" name="TitleComparison" time="2.746"/>
  <system-out/>
  <testcase classname="TestNG.TestNGDemo" name="TitleComparison" time="2.149"/>
  <system-out/>
</testsuite> <!-- TestNG.TestNGDemo -->
