<?xml version="1.0" encoding="UTF-8"?>
<!-- Generated by org.testng.reporters.JUnitReportReporter -->
<testsuite hostname="LAPTOP-TJD64CLT" failures="0" tests="2" name="testNG.Demo" time="8.679" errors="0" timestamp="2020-05-23T20:25:50 CDT" skipped="0">
  <testcase classname="testNG.Demo" name="seleniumPractice1" time="6.220"/>
  <system-out/>
  <testcase classname="testNG.Demo" name="TitleComparison1" time="2.459"/>
  <system-out/>
</testsuite> <!-- testNG.Demo -->
