<?xml version="1.0" encoding="UTF-8"?>
<!-- Generated by org.testng.reporters.JUnitReportReporter -->
<testsuite hostname="LAPTOP-TJD64CLT" failures="0" tests="1" name="testNG.Alert" time="20.846" errors="0" timestamp="2020-06-12T18:25:34 CDT" skipped="0">
  <testcase classname="testNG.Alert" name="WindowHandler" time="20.846"/>
  <system-out/>
</testsuite> <!-- testNG.Alert -->
