<?xml version="1.0" encoding="UTF-8"?>
<!-- Generated by org.testng.reporters.JUnitReportReporter -->
<testsuite hostname="LAPTOP-TJD64CLT" failures="0" tests="2" name="Amazon.AmazonDropDown" time="10.787" errors="0" timestamp="2020-06-21T10:13:20 CDT" skipped="0">
  <testcase classname="Amazon.AmazonDropDown" name="languagePreference" time="5.897"/>
  <system-out/>
  <testcase classname="Amazon.AmazonDropDown" name="departmentNames" time="4.890"/>
  <system-out/>
</testsuite> <!-- Amazon.AmazonDropDown -->
