<?xml version="1.0" encoding="UTF-8"?>
<!-- Generated by org.testng.reporters.JUnitReportReporter -->
<testsuite hostname="LAPTOP-TJD64CLT" failures="0" tests="1" name="testNG.DatePicker" time="14.631" errors="0" timestamp="2020-06-04T21:56:08 CDT" skipped="0">
  <testcase classname="testNG.DatePicker" name="WindowHandler" time="14.631"/>
  <system-out/>
</testsuite> <!-- testNG.DatePicker -->
